
---  Backwards Selection Step: 1  ---

|                         | Df|Deviance |AIC     |LRT   |Pr(>Chi) |
|:------------------------|--:|:--------|:-------|:-----|:--------|
|<none>                   | NA|815.48   |1455.48 |NA    |NA       |
|age                      |  1|815.57   |1453.57 |0.10  |0.7549   |
|Baseline Bodyweight (kg) |  1|817.56   |1455.56 |2.09  |0.1487   |
|Race                     |  3|820.69   |1454.69 |5.21  |0.1569   |
|Sex                      |  1|834.21   |1472.21 |18.74 |<0.0001  |
|Geographical_._Location  |  1|815.70   |1453.70 |0.22  |0.6359   |

---  Removing age. P Value = 0.7549  ---

---  Backwards Selection Step: 2  ---

|                         | Df|Deviance |AIC     |LRT   |Pr(>Chi) |
|:------------------------|--:|:--------|:-------|:-----|:--------|
|<none>                   | NA|815.57   |1453.57 |NA    |NA       |
|Baseline Bodyweight (kg) |  1|817.64   |1453.64 |2.06  |0.1508   |
|Race                     |  3|820.81   |1452.81 |5.23  |0.1554   |
|Sex                      |  1|834.35   |1470.35 |18.78 |<0.0001  |
|Geographical_._Location  |  1|815.79   |1451.79 |0.21  |0.6448   |

---  Removing Geographical_._Location. P Value = 0.6448  ---

---  Backwards Selection Step: 3  ---

|                         | Df|Deviance |AIC     |LRT   |Pr(>Chi) |
|:------------------------|--:|:--------|:-------|:-----|:--------|
|<none>                   | NA|815.79   |1451.79 |NA    |NA       |
|Baseline Bodyweight (kg) |  1|817.93   |1451.93 |2.14  |0.1434   |
|Race                     |  3|821.03   |1451.03 |5.24  |0.1550   |
|Sex                      |  1|834.66   |1468.66 |18.88 |<0.0001  |

---  Removing Race. P Value = 0.1550  ---

---  Backwards Selection Step: 4  ---

|                         | Df|Deviance |AIC     |LRT   |Pr(>Chi) |
|:------------------------|--:|:--------|:-------|:-----|:--------|
|<none>                   | NA|821.03   |1451.03 |NA    |NA       |
|Baseline Bodyweight (kg) |  1|822.98   |1450.98 |1.95  |0.1628   |
|Sex                      |  1|841.03   |1469.03 |20.01 |<0.0001  |

---  Removing Baseline Bodyweight (kg). P Value = 0.1628  ---

---  Backwards Selection Step: 5  ---

|       | Df|Deviance |AIC     |LRT   |Pr(>Chi) |
|:------|--:|:--------|:-------|:-----|:--------|
|<none> | NA|822.98   |1450.98 |NA    |NA       |
|Sex    |  1|842.44   |1468.44 |19.47 |<0.0001  |

---  No Effects with P Value >0.01  ---

---  Summary of Backward Elimination  ---

|                         | Df|Deviance |AIC     |LRT  |Pr(>Chi) | Step|
|:------------------------|--:|:--------|:-------|:----|:--------|----:|
|age                      |  1|815.57   |1453.57 |0.10 |0.7549   |    1|
|Geographical_._Location  |  1|815.79   |1451.79 |0.21 |0.6448   |    2|
|Race                     |  3|821.03   |1451.03 |5.24 |0.1550   |    3|
|Baseline Bodyweight (kg) |  1|822.98   |1450.98 |1.95 |0.1628   |    4|
